<?xml version="1.0" encoding="UTF-8"?>
<testsuite xmlns:xsi="http://www.w3.org/2001/XMLSchema-instance" xsi:noNamespaceSchemaLocation="https://maven.apache.org/surefire/maven-surefire-plugin/xsd/surefire-test-report-3.0.xsd" version="3.0" name="sqa.CalculatorTest" time="0.255" tests="3" errors="0" skipped="0" failures="0">
  <properties>
[...]
</properties>
  <testcase name="testBagiDenganNol" classname="sqa.CalculatorTest" time="0.131"/>
  <testcase name="testBagi" classname="sqa.CalculatorTest" time="0.013"/>
  <testcase name="testTambah" classname="sqa.CalculatorTest" time="0.025"/>
</testsuite>